2024-08-29 22:48:13,246 - ERROR - $BRK.B: possibly delisted; no price data found  (period=1mo) (Yahoo error = "No data found, symbol may be delisted")
2024-08-29 22:55:12,971 - ERROR - $BRK.B: possibly delisted; no price data found  (period=1mo) (Yahoo error = "No data found, symbol may be delisted")
2024-08-29 22:55:39,133 - ERROR - $BF.B: possibly delisted; no price data found  (period=1mo)
2024-08-29 22:55:58,175 - ERROR - $BRK.B: possibly delisted; no price data found  (period=1mo) (Yahoo error = "No data found, symbol may be delisted")
2024-08-29 22:57:38,212 - ERROR - $BF.B: possibly delisted; no price data found  (period=1mo)
2024-08-29 22:58:13,887 - ERROR - $BRK.B: possibly delisted; no price data found  (period=1mo) (Yahoo error = "No data found, symbol may be delisted")
2024-08-29 22:58:31,976 - INFO - 
P/E and P/B Rankings:

2024-08-29 22:58:31,977 - INFO - Ticker  P/E Ratio  P/B Ratio  P/E Rank  P/B Rank
  AAPL      34.35      56.22      1.00      1.00
2024-08-29 22:59:45,130 - ERROR - $BRK.B: possibly delisted; no price data found  (period=1mo) (Yahoo error = "No data found, symbol may be delisted")
2024-08-29 22:59:45,770 - INFO - 
P/E and P/B Rankings:

2024-08-29 22:59:45,772 - INFO - Ticker  P/E Ratio  P/B Ratio  P/E Rank  P/B Rank
  AAPL      34.35      56.22      3.00      3.00
  MSFT      30.31      11.44      5.00      5.00
  NVDA      34.48      67.30      2.00      2.00
  GOOG      20.95       7.06      8.00      9.00
 GOOGL      18.57       7.06      9.00      8.00
  AMZN      33.10       8.95      4.00      6.00
  META      24.06       8.56      7.00      7.00
   LLY      41.02      78.59      1.00      1.00
  AVGO      29.01      30.45      6.00      4.00
2024-08-29 23:03:41,377 - ERROR - $BRK.B: possibly delisted; no price data found  (period=1mo) (Yahoo error = "No data found, symbol may be delisted")
2024-08-29 23:03:41,991 - INFO - 
P/E and P/B Rankings:

2024-08-29 23:03:41,993 - INFO - Ticker  P/E Ratio  P/B Ratio  P/E Rank  P/B Rank
  AAPL      34.35      56.22      3.00      3.00
  MSFT      30.31      11.44      5.00      5.00
  NVDA      34.48      67.30      2.00      2.00
  GOOG      20.95       7.06      8.00      9.00
 GOOGL      18.57       7.06      9.00      8.00
  AMZN      33.10       8.95      4.00      6.00
  META      24.06       8.56      7.00      7.00
   LLY      41.02      78.59      1.00      1.00
  AVGO      29.01      30.45      6.00      4.00
2024-08-29 23:05:49,971 - ERROR - $BRK.B: possibly delisted; no price data found  (period=1mo) (Yahoo error = "No data found, symbol may be delisted")
2024-08-29 23:05:50,600 - INFO - 
P/E and P/B Rankings:

2024-08-29 23:05:50,602 - INFO - Ticker  P/E Ratio  P/B Ratio  P/E Rank  P/B Rank  Composite Score
  AAPL      34.35      56.22      3.00      3.00             3.00
  MSFT      30.31      11.44      5.00      5.00             5.00
  NVDA      34.48      67.30      2.00      2.00             2.00
  GOOG      20.95       7.06      8.00      9.00             8.50
 GOOGL      18.57       7.06      9.00      8.00             8.50
  AMZN      33.10       8.95      4.00      6.00             5.00
  META      24.06       8.56      7.00      7.00             7.00
   LLY      41.02      78.59      1.00      1.00             1.00
  AVGO      29.01      30.45      6.00      4.00             5.00
2024-08-29 23:06:46,700 - ERROR - $BRK.B: possibly delisted; no price data found  (period=1mo) (Yahoo error = "No data found, symbol may be delisted")
2024-08-29 23:06:47,232 - INFO - 
P/E and P/B Rankings:

2024-08-29 23:06:47,233 - INFO - Ticker  P/E Ratio  P/B Ratio  P/E Rank  P/B Rank  Composite Score
  AAPL      34.35      56.22      3.00      3.00             8.50
  MSFT      30.31      11.44      5.00      5.00             7.50
  NVDA      34.48      67.30      2.00      2.00             9.00
  GOOG      20.95       7.06      8.00      9.00             5.00
 GOOGL      18.57       7.06      9.00      8.00             6.50
  AMZN      33.10       8.95      4.00      6.00             6.00
  META      24.06       8.56      7.00      7.00             6.50
   LLY      41.02      78.59      1.00      1.00             9.50
  AVGO      29.01      30.45      6.00      4.00             9.00
2024-08-29 23:10:00,104 - ERROR - $BRK.B: possibly delisted; no price data found  (period=1mo) (Yahoo error = "No data found, symbol may be delisted")
2024-08-29 23:10:00,605 - INFO - 
P/E and P/B Rankings:

2024-08-29 23:10:00,606 - INFO - Ticker  P/E Ratio  P/B Ratio  P/E Rank  P/B Rank  Composite Score
  AAPL      34.35      56.22      3.00      3.00             3.00
  MSFT      30.31      11.44      5.00      5.00             5.00
  NVDA      34.48      67.30      2.00      2.00             2.00
  GOOG      20.95       7.06      8.00      9.00             8.50
 GOOGL      18.57       7.06      9.00      8.00             8.50
  AMZN      33.10       8.95      4.00      6.00             5.00
  META      24.06       8.56      7.00      7.00             7.00
   LLY      41.02      78.59      1.00      1.00             1.00
  AVGO      29.01      30.45      6.00      4.00             5.00
